<?xml version="1.0" encoding="UTF-8"?>
<testsuite xmlns:xsi="http://www.w3.org/2001/XMLSchema-instance" xsi:noNamespaceSchemaLocation="https://maven.apache.org/surefire/maven-surefire-plugin/xsd/surefire-test-report.xsd" name="hwvisitor.Test2SingletonChecker" time="0.025" tests="17" errors="0" skipped="0" failures="0">
  <properties>
    <property name="java.specification.version" value="21"/>
    <property name="sun.jnu.encoding" value="UTF-8"/>
    <property name="java.class.path" value="/Users/terrychen/Desktop/ECS 160 HW3/starter/target/test-classes:/Users/terrychen/Desktop/ECS 160 HW3/starter/target/classes:/Users/terrychen/.m2/repository/org/eclipse/jdt/org.eclipse.jdt.core/3.19.0/org.eclipse.jdt.core-3.19.0.jar:/Users/terrychen/.m2/repository/org/eclipse/platform/org.eclipse.core.resources/3.21.0/org.eclipse.core.resources-3.21.0.jar:/Users/terrychen/.m2/repository/org/eclipse/platform/org.eclipse.core.expressions/3.9.400/org.eclipse.core.expressions-3.9.400.jar:/Users/terrychen/.m2/repository/net/java/dev/jna/jna/5.14.0/jna-5.14.0.jar:/Users/terrychen/.m2/repository/org/eclipse/platform/org.eclipse.osgi/3.21.0/org.eclipse.osgi-3.21.0.jar:/Users/terrychen/.m2/repository/org/eclipse/platform/org.eclipse.core.runtime/3.31.100/org.eclipse.core.runtime-3.31.100.jar:/Users/terrychen/.m2/repository/org/eclipse/platform/org.eclipse.equinox.common/3.19.100/org.eclipse.equinox.common-3.19.100.jar:/Users/terrychen/.m2/repository/org/eclipse/platform/org.eclipse.core.jobs/3.15.300/org.eclipse.core.jobs-3.15.300.jar:/Users/terrychen/.m2/repository/org/eclipse/platform/org.eclipse.equinox.registry/3.12.100/org.eclipse.equinox.registry-3.12.100.jar:/Users/terrychen/.m2/repository/org/eclipse/platform/org.eclipse.equinox.preferences/3.11.100/org.eclipse.equinox.preferences-3.11.100.jar:/Users/terrychen/.m2/repository/org/osgi/org.osgi.service.prefs/1.1.2/org.osgi.service.prefs-1.1.2.jar:/Users/terrychen/.m2/repository/org/osgi/osgi.annotation/8.0.1/osgi.annotation-8.0.1.jar:/Users/terrychen/.m2/repository/org/eclipse/platform/org.eclipse.core.contenttype/3.9.400/org.eclipse.core.contenttype-3.9.400.jar:/Users/terrychen/.m2/repository/org/eclipse/platform/org.eclipse.equinox.app/1.7.100/org.eclipse.equinox.app-1.7.100.jar:/Users/terrychen/.m2/repository/org/eclipse/platform/org.eclipse.core.filesystem/1.11.0/org.eclipse.core.filesystem-1.11.0.jar:/Users/terrychen/.m2/repository/net/java/dev/jna/jna-platform/5.14.0/jna-platform-5.14.0.jar:/Users/terrychen/.m2/repository/org/eclipse/platform/org.eclipse.text/3.14.100/org.eclipse.text-3.14.100.jar:/Users/terrychen/.m2/repository/org/eclipse/platform/org.eclipse.core.commands/3.12.100/org.eclipse.core.commands-3.12.100.jar:/Users/terrychen/.m2/repository/org/junit/jupiter/junit-jupiter-api/5.7.0/junit-jupiter-api-5.7.0.jar:/Users/terrychen/.m2/repository/org/apiguardian/apiguardian-api/1.1.0/apiguardian-api-1.1.0.jar:/Users/terrychen/.m2/repository/org/opentest4j/opentest4j/1.2.0/opentest4j-1.2.0.jar:/Users/terrychen/.m2/repository/org/junit/platform/junit-platform-commons/1.7.0/junit-platform-commons-1.7.0.jar:/Users/terrychen/.m2/repository/org/junit/jupiter/junit-jupiter-engine/5.7.0/junit-jupiter-engine-5.7.0.jar:/Users/terrychen/.m2/repository/org/junit/platform/junit-platform-engine/1.7.0/junit-platform-engine-1.7.0.jar:/Users/terrychen/.m2/repository/org/junit/jupiter/junit-jupiter-params/5.7.0/junit-jupiter-params-5.7.0.jar:/Users/terrychen/.m2/repository/org/mockito/mockito-core/3.9.0/mockito-core-3.9.0.jar:/Users/terrychen/.m2/repository/net/bytebuddy/byte-buddy/1.10.20/byte-buddy-1.10.20.jar:/Users/terrychen/.m2/repository/net/bytebuddy/byte-buddy-agent/1.10.20/byte-buddy-agent-1.10.20.jar:/Users/terrychen/.m2/repository/org/objenesis/objenesis/3.2/objenesis-3.2.jar:/Users/terrychen/.m2/repository/org/hamcrest/hamcrest-library/2.2/hamcrest-library-2.2.jar:/Users/terrychen/.m2/repository/org/hamcrest/hamcrest-core/2.2/hamcrest-core-2.2.jar:/Users/terrychen/.m2/repository/org/hamcrest/hamcrest/2.2/hamcrest-2.2.jar:"/>
    <property name="java.vm.vendor" value="Oracle Corporation"/>
    <property name="sun.arch.data.model" value="64"/>
    <property name="java.vendor.url" value="https://java.oracle.com/"/>
    <property name="os.name" value="Mac OS X"/>
    <property name="java.vm.specification.version" value="21"/>
    <property name="sun.java.launcher" value="SUN_STANDARD"/>
    <property name="user.country" value="US"/>
    <property name="sun.boot.library.path" value="/Library/Java/JavaVirtualMachines/jdk-21.jdk/Contents/Home/lib"/>
    <property name="sun.java.command" value="/Users/terrychen/Desktop/ECS 160 HW3/starter/target/surefire/surefirebooter10720590036205432981.jar /Users/terrychen/Desktop/ECS 160 HW3/starter/target/surefire 2024-11-17T14-06-35_736-jvmRun1 surefire8026077627989136894tmp surefire_017542874458402585771tmp"/>
    <property name="http.nonProxyHosts" value="local|*.local|169.254/16|*.169.254/16"/>
    <property name="jdk.debug" value="release"/>
    <property name="surefire.test.class.path" value="/Users/terrychen/Desktop/ECS 160 HW3/starter/target/test-classes:/Users/terrychen/Desktop/ECS 160 HW3/starter/target/classes:/Users/terrychen/.m2/repository/org/eclipse/jdt/org.eclipse.jdt.core/3.19.0/org.eclipse.jdt.core-3.19.0.jar:/Users/terrychen/.m2/repository/org/eclipse/platform/org.eclipse.core.resources/3.21.0/org.eclipse.core.resources-3.21.0.jar:/Users/terrychen/.m2/repository/org/eclipse/platform/org.eclipse.core.expressions/3.9.400/org.eclipse.core.expressions-3.9.400.jar:/Users/terrychen/.m2/repository/net/java/dev/jna/jna/5.14.0/jna-5.14.0.jar:/Users/terrychen/.m2/repository/org/eclipse/platform/org.eclipse.osgi/3.21.0/org.eclipse.osgi-3.21.0.jar:/Users/terrychen/.m2/repository/org/eclipse/platform/org.eclipse.core.runtime/3.31.100/org.eclipse.core.runtime-3.31.100.jar:/Users/terrychen/.m2/repository/org/eclipse/platform/org.eclipse.equinox.common/3.19.100/org.eclipse.equinox.common-3.19.100.jar:/Users/terrychen/.m2/repository/org/eclipse/platform/org.eclipse.core.jobs/3.15.300/org.eclipse.core.jobs-3.15.300.jar:/Users/terrychen/.m2/repository/org/eclipse/platform/org.eclipse.equinox.registry/3.12.100/org.eclipse.equinox.registry-3.12.100.jar:/Users/terrychen/.m2/repository/org/eclipse/platform/org.eclipse.equinox.preferences/3.11.100/org.eclipse.equinox.preferences-3.11.100.jar:/Users/terrychen/.m2/repository/org/osgi/org.osgi.service.prefs/1.1.2/org.osgi.service.prefs-1.1.2.jar:/Users/terrychen/.m2/repository/org/osgi/osgi.annotation/8.0.1/osgi.annotation-8.0.1.jar:/Users/terrychen/.m2/repository/org/eclipse/platform/org.eclipse.core.contenttype/3.9.400/org.eclipse.core.contenttype-3.9.400.jar:/Users/terrychen/.m2/repository/org/eclipse/platform/org.eclipse.equinox.app/1.7.100/org.eclipse.equinox.app-1.7.100.jar:/Users/terrychen/.m2/repository/org/eclipse/platform/org.eclipse.core.filesystem/1.11.0/org.eclipse.core.filesystem-1.11.0.jar:/Users/terrychen/.m2/repository/net/java/dev/jna/jna-platform/5.14.0/jna-platform-5.14.0.jar:/Users/terrychen/.m2/repository/org/eclipse/platform/org.eclipse.text/3.14.100/org.eclipse.text-3.14.100.jar:/Users/terrychen/.m2/repository/org/eclipse/platform/org.eclipse.core.commands/3.12.100/org.eclipse.core.commands-3.12.100.jar:/Users/terrychen/.m2/repository/org/junit/jupiter/junit-jupiter-api/5.7.0/junit-jupiter-api-5.7.0.jar:/Users/terrychen/.m2/repository/org/apiguardian/apiguardian-api/1.1.0/apiguardian-api-1.1.0.jar:/Users/terrychen/.m2/repository/org/opentest4j/opentest4j/1.2.0/opentest4j-1.2.0.jar:/Users/terrychen/.m2/repository/org/junit/platform/junit-platform-commons/1.7.0/junit-platform-commons-1.7.0.jar:/Users/terrychen/.m2/repository/org/junit/jupiter/junit-jupiter-engine/5.7.0/junit-jupiter-engine-5.7.0.jar:/Users/terrychen/.m2/repository/org/junit/platform/junit-platform-engine/1.7.0/junit-platform-engine-1.7.0.jar:/Users/terrychen/.m2/repository/org/junit/jupiter/junit-jupiter-params/5.7.0/junit-jupiter-params-5.7.0.jar:/Users/terrychen/.m2/repository/org/mockito/mockito-core/3.9.0/mockito-core-3.9.0.jar:/Users/terrychen/.m2/repository/net/bytebuddy/byte-buddy/1.10.20/byte-buddy-1.10.20.jar:/Users/terrychen/.m2/repository/net/bytebuddy/byte-buddy-agent/1.10.20/byte-buddy-agent-1.10.20.jar:/Users/terrychen/.m2/repository/org/objenesis/objenesis/3.2/objenesis-3.2.jar:/Users/terrychen/.m2/repository/org/hamcrest/hamcrest-library/2.2/hamcrest-library-2.2.jar:/Users/terrychen/.m2/repository/org/hamcrest/hamcrest-core/2.2/hamcrest-core-2.2.jar:/Users/terrychen/.m2/repository/org/hamcrest/hamcrest/2.2/hamcrest-2.2.jar:"/>
    <property name="sun.cpu.endian" value="little"/>
    <property name="user.home" value="/Users/terrychen"/>
    <property name="user.language" value="en"/>
    <property name="java.specification.vendor" value="Oracle Corporation"/>
    <property name="java.version.date" value="2023-10-17"/>
    <property name="java.home" value="/Library/Java/JavaVirtualMachines/jdk-21.jdk/Contents/Home"/>
    <property name="file.separator" value="/"/>
    <property name="basedir" value="/Users/terrychen/Desktop/ECS 160 HW3/starter"/>
    <property name="java.vm.compressedOopsMode" value="Zero based"/>
    <property name="line.separator" value="&#10;"/>
    <property name="java.vm.specification.vendor" value="Oracle Corporation"/>
    <property name="java.specification.name" value="Java Platform API Specification"/>
    <property name="apple.awt.application.name" value="ForkedBooter"/>
    <property name="surefire.real.class.path" value="/Users/terrychen/Desktop/ECS 160 HW3/starter/target/surefire/surefirebooter10720590036205432981.jar"/>
    <property name="sun.management.compiler" value="HotSpot 64-Bit Tiered Compilers"/>
    <property name="ftp.nonProxyHosts" value="local|*.local|169.254/16|*.169.254/16"/>
    <property name="java.runtime.version" value="21.0.1+12-LTS-29"/>
    <property name="user.name" value="terrychen"/>
    <property name="stdout.encoding" value="UTF-8"/>
    <property name="path.separator" value=":"/>
    <property name="os.version" value="15.0.1"/>
    <property name="java.runtime.name" value="Java(TM) SE Runtime Environment"/>
    <property name="file.encoding" value="UTF-8"/>
    <property name="java.vm.name" value="Java HotSpot(TM) 64-Bit Server VM"/>
    <property name="localRepository" value="/Users/terrychen/.m2/repository"/>
    <property name="java.vendor.url.bug" value="https://bugreport.java.com/bugreport/"/>
    <property name="java.io.tmpdir" value="/var/folders/55/vtkf6y954v9bq0c2fw19vhf00000gn/T/"/>
    <property name="java.version" value="21.0.1"/>
    <property name="user.dir" value="/Users/terrychen/Desktop/ECS 160 HW3/starter"/>
    <property name="os.arch" value="aarch64"/>
    <property name="java.vm.specification.name" value="Java Virtual Machine Specification"/>
    <property name="native.encoding" value="UTF-8"/>
    <property name="java.library.path" value="/Users/terrychen/Library/Java/Extensions:/Library/Java/Extensions:/Network/Library/Java/Extensions:/System/Library/Java/Extensions:/usr/lib/java:."/>
    <property name="java.vm.info" value="mixed mode, sharing"/>
    <property name="stderr.encoding" value="UTF-8"/>
    <property name="java.vendor" value="Oracle Corporation"/>
    <property name="java.vm.version" value="21.0.1+12-LTS-29"/>
    <property name="sun.io.unicode.encoding" value="UnicodeBig"/>
    <property name="socksNonProxyHosts" value="local|*.local|169.254/16|*.169.254/16"/>
    <property name="java.class.version" value="65.0"/>
  </properties>
  <testcase name="shouldCheckConstructorType" classname="hwvisitor.Test2SingletonChecker$TestCheckConstructorCalledCorrectly" time="0.003"/>
  <testcase name="shouldDetectConstructorCall" classname="hwvisitor.Test2SingletonChecker$TestCheckConstructorCalledCorrectly" time="0.004"/>
  <testcase name="shouldStillWorkEvenForBadCondition" classname="hwvisitor.Test2SingletonChecker$TestCheckConstructorCalledCorrectly" time="0.001"/>
  <testcase name="shouldWorkWithNestedIfs" classname="hwvisitor.Test2SingletonChecker$TestCheckConstructorCalledCorrectly" time="0.001"/>
  <testcase name="shouldNotCountIfNotInIf" classname="hwvisitor.Test2SingletonChecker$TestCheckConstructorCalledCorrectly" time="0.001"/>
  <testcase name="shouldWorkIfInElseBlock" classname="hwvisitor.Test2SingletonChecker$TestCheckConstructorCalledCorrectly" time="0.001"/>
  <testcase name="shouldRequireGetterIsPublic" classname="hwvisitor.Test2SingletonChecker$TestCheckInstanceGetter" time="0.001"/>
  <testcase name="shouldRequireGetterIsStatic" classname="hwvisitor.Test2SingletonChecker$TestCheckInstanceGetter" time="0.001"/>
  <testcase name="shouldHaveNoGetterWhenEmpty" classname="hwvisitor.Test2SingletonChecker$TestCheckInstanceGetter" time="0"/>
  <testcase name="shouldDetectSimpleGetter" classname="hwvisitor.Test2SingletonChecker$TestCheckInstanceGetter" time="0.001"/>
  <testcase name="shouldDetectPublicIsNotPrivate" classname="hwvisitor.Test2SingletonChecker$TestCheckPrivateConstructor" time="0.001"/>
  <testcase name="shouldDetectPrivateConstructor" classname="hwvisitor.Test2SingletonChecker$TestCheckPrivateConstructor" time="0.001"/>
  <testcase name="shouldHandleMultiplePrivateConstructors" classname="hwvisitor.Test2SingletonChecker$TestCheckPrivateConstructor" time="0.001"/>
  <testcase name="shouldOnlyConsiderConstructors" classname="hwvisitor.Test2SingletonChecker$TestCheckPrivateConstructor" time="0"/>
  <testcase name="shouldDetectVarInstance" classname="hwvisitor.Test2SingletonChecker$TestCheckPrivateStaticVarForInstance" time="0"/>
  <testcase name="shouldEnsureNameMatches" classname="hwvisitor.Test2SingletonChecker$TestCheckPrivateStaticVarForInstance" time="0.001"/>
  <testcase name="shouldDetectSingleton" classname="hwvisitor.Test2SingletonChecker$TestCompleteIsSingelton" time="0.003"/>
</testsuite>